<?xml version="1.0" encoding="utf-8"?><testsuites name="pytest tests"><testsuite name="pytest" errors="0" failures="0" skipped="0" tests="43" time="14.103" timestamp="2026-01-24T22:52:12.918660+00:00" hostname="agent-env-731e0f83-4b14-4744-932f-f20c600fb357"><testcase classname="backend.tests.test_api.TestHealthAndSettings" name="test_health_endpoint" time="0.068" /><testcase classname="backend.tests.test_api.TestHealthAndSettings" name="test_settings_endpoint" time="0.040" /><testcase classname="backend.tests.test_api.TestAuthentication" name="test_admin_login_success" time="0.266" /><testcase classname="backend.tests.test_api.TestAuthentication" name="test_login_invalid_credentials" time="0.041" /><testcase classname="backend.tests.test_api.TestAuthentication" name="test_user_registration" time="0.261" /><testcase classname="backend.tests.test_api.TestAuthentication" name="test_get_current_user" time="0.338" /><testcase classname="backend.tests.test_api.TestShopEndpoints" name="test_get_shop_products" time="0.040" /><testcase classname="backend.tests.test_api.TestShopEndpoints" name="test_shop_product_structure" time="0.037" /><testcase classname="backend.tests.test_api.TestShopCheckout" name="test_checkout_requires_auth" time="0.043" /><testcase classname="backend.tests.test_api.TestShopCheckout" name="test_checkout_with_auth" time="1.168" /><testcase classname="backend.tests.test_api.TestShopCheckout" name="test_checkout_invalid_product" time="0.307" /><testcase classname="backend.tests.test_api.TestCoursesEndpoints" name="test_get_courses" time="0.036" /><testcase classname="backend.tests.test_api.TestCoursesEndpoints" name="test_course_structure" time="0.035" /><testcase classname="backend.tests.test_api.TestFAQEndpoints" name="test_get_faqs" time="0.077" /><testcase classname="backend.tests.test_api.TestFAQEndpoints" name="test_faq_structure" time="0.040" /><testcase classname="backend.tests.test_api.TestResultsEndpoints" name="test_get_results" time="0.035" /><testcase classname="backend.tests.test_api.TestAdminEndpoints" name="test_admin_stats" time="0.304" /><testcase classname="backend.tests.test_api.TestAdminEndpoints" name="test_admin_users_list" time="0.299" /><testcase classname="backend.tests.test_api.TestAdminEndpoints" name="test_admin_messages" time="0.303" /><testcase classname="backend.tests.test_api.TestAdminEndpoints" name="test_admin_requires_auth" time="0.036" /><testcase classname="backend.tests.test_api.TestAdminEndpoints" name="test_admin_requires_admin_role" time="0.296" /><testcase classname="backend.tests.test_api.TestSettingsUpdate" name="test_update_settings_requires_admin" time="0.034" /><testcase classname="backend.tests.test_api.TestSettingsUpdate" name="test_update_settings_with_admin" time="0.412" /><testcase classname="backend.tests.test_api.TestContactEndpoint" name="test_contact_submission" time="0.043" /><testcase classname="backend.tests.test_lessons_and_assign.TestLessonsAPI" name="test_get_course_lessons_empty" time="0.340" /><testcase classname="backend.tests.test_lessons_and_assign.TestLessonsAPI" name="test_create_lesson" time="2.361" /><testcase classname="backend.tests.test_lessons_and_assign.TestLessonsAPI" name="test_create_lesson_requires_admin" time="0.332" /><testcase classname="backend.tests.test_lessons_and_assign.TestLessonsAPI" name="test_update_lesson" time="0.381" /><testcase classname="backend.tests.test_lessons_and_assign.TestLessonsAPI" name="test_delete_lesson" time="0.509" /><testcase classname="backend.tests.test_lessons_and_assign.TestLessonsAPI" name="test_get_lessons_invalid_course" time="0.305" /><testcase classname="backend.tests.test_lessons_and_assign.TestAdminAssignCourse" name="test_assign_course_to_user" time="0.601" /><testcase classname="backend.tests.test_lessons_and_assign.TestAdminAssignCourse" name="test_assign_course_requires_admin" time="0.596" /><testcase classname="backend.tests.test_lessons_and_assign.TestAdminAssignCourse" name="test_get_user_assigned_courses" time="0.570" /><testcase classname="backend.tests.test_lessons_and_assign.TestAdminAssignCourse" name="test_remove_course_from_user" time="0.639" /><testcase classname="backend.tests.test_lessons_and_assign.TestAdminAssignCourse" name="test_assign_invalid_user" time="0.338" /><testcase classname="backend.tests.test_lessons_and_assign.TestAdminAssignCourse" name="test_assign_invalid_course" time="0.560" /><testcase classname="backend.tests.test_lessons_and_assign.TestUserLessonsAPI" name="test_get_user_lessons" time="0.662" /><testcase classname="backend.tests.test_lessons_and_assign.TestUserLessonsAPI" name="test_user_lessons_requires_auth" time="0.038" /><testcase classname="backend.tests.test_lessons_and_assign.TestBundleCourseLogic" name="test_course_type_field_exists" time="0.039" /><testcase classname="backend.tests.test_lessons_and_assign.TestBundleCourseLogic" name="test_create_bundle_course" time="0.390" /><testcase classname="backend.tests.test_lessons_and_assign.TestBundleCourseLogic" name="test_update_course_to_bundle" time="0.441" /><testcase classname="backend.tests.test_lessons_and_assign.TestUserCoursesAPI" name="test_get_user_courses" time="0.311" /><testcase classname="backend.tests.test_lessons_and_assign.TestUserCoursesAPI" name="test_user_courses_requires_auth" time="0.037" /></testsuite></testsuites>