<?xml version="1.0" encoding="utf-8"?><testsuites name="pytest tests"><testsuite name="pytest" errors="0" failures="0" skipped="0" tests="24" time="4.154" timestamp="2026-01-24T21:49:54.426291+00:00" hostname="agent-env-731e0f83-4b14-4744-932f-f20c600fb357"><testcase classname="tests.test_api.TestHealthAndSettings" name="test_health_endpoint" time="0.055" /><testcase classname="tests.test_api.TestHealthAndSettings" name="test_settings_endpoint" time="0.040" /><testcase classname="tests.test_api.TestAuthentication" name="test_admin_login_success" time="0.272" /><testcase classname="tests.test_api.TestAuthentication" name="test_login_invalid_credentials" time="0.039" /><testcase classname="tests.test_api.TestAuthentication" name="test_user_registration" time="0.265" /><testcase classname="tests.test_api.TestAuthentication" name="test_get_current_user" time="0.300" /><testcase classname="tests.test_api.TestShopEndpoints" name="test_get_shop_products" time="0.046" /><testcase classname="tests.test_api.TestShopEndpoints" name="test_shop_product_structure" time="0.036" /><testcase classname="tests.test_api.TestShopCheckout" name="test_checkout_requires_auth" time="0.040" /><testcase classname="tests.test_api.TestShopCheckout" name="test_checkout_with_auth" time="0.703" /><testcase classname="tests.test_api.TestShopCheckout" name="test_checkout_invalid_product" time="0.312" /><testcase classname="tests.test_api.TestCoursesEndpoints" name="test_get_courses" time="0.036" /><testcase classname="tests.test_api.TestCoursesEndpoints" name="test_course_structure" time="0.036" /><testcase classname="tests.test_api.TestFAQEndpoints" name="test_get_faqs" time="0.038" /><testcase classname="tests.test_api.TestFAQEndpoints" name="test_faq_structure" time="0.039" /><testcase classname="tests.test_api.TestResultsEndpoints" name="test_get_results" time="0.076" /><testcase classname="tests.test_api.TestAdminEndpoints" name="test_admin_stats" time="0.299" /><testcase classname="tests.test_api.TestAdminEndpoints" name="test_admin_users_list" time="0.297" /><testcase classname="tests.test_api.TestAdminEndpoints" name="test_admin_messages" time="0.300" /><testcase classname="tests.test_api.TestAdminEndpoints" name="test_admin_requires_auth" time="0.035" /><testcase classname="tests.test_api.TestAdminEndpoints" name="test_admin_requires_admin_role" time="0.307" /><testcase classname="tests.test_api.TestSettingsUpdate" name="test_update_settings_requires_admin" time="0.036" /><testcase classname="tests.test_api.TestSettingsUpdate" name="test_update_settings_with_admin" time="0.420" /><testcase classname="tests.test_api.TestContactEndpoint" name="test_contact_submission" time="0.039" /></testsuite></testsuites>