<?xml version="1.0" encoding="utf-8"?><testsuites name="pytest tests"><testsuite name="pytest" errors="0" failures="2" skipped="0" tests="24" time="4.734" timestamp="2026-01-24T21:47:29.887078+00:00" hostname="agent-env-731e0f83-4b14-4744-932f-f20c600fb357"><testcase classname="tests.test_api.TestHealthAndSettings" name="test_health_endpoint" time="0.083"><failure message="assert 404 == 200&#10; +  where 404 = &lt;Response [404]&gt;.status_code">tests/test_api.py:26: in test_health_endpoint
    assert response.status_code == 200
E   assert 404 == 200
E    +  where 404 = &lt;Response [404]&gt;.status_code</failure></testcase><testcase classname="tests.test_api.TestHealthAndSettings" name="test_settings_endpoint" time="0.038" /><testcase classname="tests.test_api.TestAuthentication" name="test_admin_login_success" time="0.268" /><testcase classname="tests.test_api.TestAuthentication" name="test_login_invalid_credentials" time="0.039" /><testcase classname="tests.test_api.TestAuthentication" name="test_user_registration" time="0.269" /><testcase classname="tests.test_api.TestAuthentication" name="test_get_current_user" time="0.299" /><testcase classname="tests.test_api.TestShopEndpoints" name="test_get_shop_products" time="0.034" /><testcase classname="tests.test_api.TestShopEndpoints" name="test_shop_product_structure" time="0.045" /><testcase classname="tests.test_api.TestShopCheckout" name="test_checkout_requires_auth" time="0.035" /><testcase classname="tests.test_api.TestShopCheckout" name="test_checkout_with_auth" time="1.134" /><testcase classname="tests.test_api.TestShopCheckout" name="test_checkout_invalid_product" time="0.345" /><testcase classname="tests.test_api.TestCoursesEndpoints" name="test_get_courses" time="0.036" /><testcase classname="tests.test_api.TestCoursesEndpoints" name="test_course_structure" time="0.039" /><testcase classname="tests.test_api.TestFAQEndpoints" name="test_get_faqs" time="0.035" /><testcase classname="tests.test_api.TestFAQEndpoints" name="test_faq_structure" time="0.035" /><testcase classname="tests.test_api.TestResultsEndpoints" name="test_get_results" time="0.041" /><testcase classname="tests.test_api.TestAdminEndpoints" name="test_admin_stats" time="0.299" /><testcase classname="tests.test_api.TestAdminEndpoints" name="test_admin_users_list" time="0.305" /><testcase classname="tests.test_api.TestAdminEndpoints" name="test_admin_messages" time="0.298" /><testcase classname="tests.test_api.TestAdminEndpoints" name="test_admin_requires_auth" time="0.036" /><testcase classname="tests.test_api.TestAdminEndpoints" name="test_admin_requires_admin_role" time="0.296" /><testcase classname="tests.test_api.TestSettingsUpdate" name="test_update_settings_requires_admin" time="0.035" /><testcase classname="tests.test_api.TestSettingsUpdate" name="test_update_settings_with_admin" time="0.446" /><testcase classname="tests.test_api.TestContactEndpoint" name="test_contact_submission" time="0.040"><failure message="AssertionError: assert 'id' in {'message': 'Poruka uspjeÅ¡no poslata'}">tests/test_api.py:407: in test_contact_submission
    assert "id" in data
E   AssertionError: assert 'id' in {'message': 'Poruka uspjeÅ¡no poslata'}</failure></testcase></testsuite></testsuites>